<?xml version="1.0" encoding="UTF-8"?>
<robot generator="Robot 7.4.1 (Python 3.12.3 on linux)" generated="2026-01-06T17:58:45.089892" rpa="false" schemaversion="5">
<suite id="s1" name="TestSuite" source="/home/giuseppeprivitera/PycharmProjects/shopProject/tests/TestSuite.robot">
<kw name="Open the browser" owner="Commons" type="SETUP">
<kw name="Open Browser" owner="SeleniumLibrary">
<msg time="2026-01-06T17:58:45.701770" level="INFO">Opening browser 'firefox' to base url 'https://rahulshettyacademy.com/loginpagePractise/'.</msg>
<arg>${url}</arg>
<arg>${browser}</arg>
<doc>Opens a new browser instance to the optional ``url``.</doc>
<status status="PASS" start="2026-01-06T17:58:45.701374" elapsed="4.672596"/>
</kw>
<kw name="Maximize Browser Window" owner="SeleniumLibrary">
<doc>Maximizes current browser window.</doc>
<status status="PASS" start="2026-01-06T17:58:50.374880" elapsed="0.294756"/>
</kw>
<status status="PASS" start="2026-01-06T17:58:45.700529" elapsed="4.969363"/>
</kw>
<test id="s1-t1" name="Test Case 01 - Login with correct credentials" line="18">
<kw name="Start video" owner="Commons">
<if>
<branch type="IF" condition="'${video}' == '${TRUE}'">
<kw name="Start Video Recording" owner="ScreenCapLibrary">
<msg time="2026-01-06T17:58:52.703943" level="INFO">Automatically setting a fps of 15.5</msg>
<arg>name=${name}</arg>
<arg>monitor=1</arg>
<arg>embed=True</arg>
<doc>Starts the recording of a video in the background with the specified ``name``.
The recording can be stopped by calling the `Stop Video Recording` keyword.</doc>
<status status="PASS" start="2026-01-06T17:58:50.673389" elapsed="2.031830"/>
</kw>
<status status="PASS" start="2026-01-06T17:58:50.672352" elapsed="2.032967"/>
</branch>
<status status="PASS" start="2026-01-06T17:58:50.672289" elapsed="2.033085"/>
</if>
<arg>name=Test Case 01 - Login with correct credentials</arg>
<status status="PASS" start="2026-01-06T17:58:50.671662" elapsed="2.033780"/>
</kw>
<kw name="Open file" owner="Commons">
<kw name="Open Excel Document" owner="ExcelLibrary">
<arg>filename=${fileName}</arg>
<arg>doc_id=${sheetName}</arg>
<doc>Opens xlsx document file.</doc>
<status status="PASS" start="2026-01-06T17:58:52.706255" elapsed="0.008238"/>
</kw>
<arg>${fileUserPath}</arg>
<arg>${user}</arg>
<status status="PASS" start="2026-01-06T17:58:52.705855" elapsed="0.008822"/>
</kw>
<kw name="Read Excel Cell" owner="ExcelLibrary">
<msg time="2026-01-06T17:58:52.715380" level="INFO">${username} = rahulshettyacademy</msg>
<var>${username}</var>
<arg>row_num=5</arg>
<arg>col_num=2</arg>
<doc>Returns content of a cell.</doc>
<status status="PASS" start="2026-01-06T17:58:52.715001" elapsed="0.000417"/>
</kw>
<kw name="Read Excel Cell" owner="ExcelLibrary">
<msg time="2026-01-06T17:58:52.715887" level="INFO">${password} = learning</msg>
<var>${password}</var>
<arg>row_num=5</arg>
<arg>col_num=3</arg>
<doc>Returns content of a cell.</doc>
<status status="PASS" start="2026-01-06T17:58:52.715632" elapsed="0.000281"/>
</kw>
<kw name="Enter correct credentials" owner="Login">
<kw name="Input Text" owner="SeleniumLibrary">
<msg time="2026-01-06T17:58:52.717216" level="INFO">Typing text 'rahulshettyacademy' into text field 'id:username'.</msg>
<arg>${usernameInput}</arg>
<arg>${username}</arg>
<doc>Types the given ``text`` into the text field identified by ``locator``.</doc>
<status status="PASS" start="2026-01-06T17:58:52.716657" elapsed="0.088695"/>
</kw>
<kw name="Input Password" owner="SeleniumLibrary">
<msg time="2026-01-06T17:58:52.806366" level="INFO">Typing password into text field 'id:password'.</msg>
<msg time="2026-01-06T17:58:52.819862" level="INFO">Temporally setting log level to: NONE</msg>
<arg>${passwordInput}</arg>
<arg>${password}</arg>
<doc>Types the given password into the text field identified by ``locator``.</doc>
<status status="PASS" start="2026-01-06T17:58:52.805780" elapsed="0.057508"/>
</kw>
<kw name="Choice type of account" owner="Login">
<kw name="Click Element" owner="SeleniumLibrary">
<msg time="2026-01-06T17:58:52.865909" level="INFO">Clicking element 'css:input[value='user']'.</msg>
<arg>${userRadioButton}</arg>
<doc>Click the element identified by ``locator``.</doc>
<status status="PASS" start="2026-01-06T17:58:52.865295" elapsed="0.121266"/>
</kw>
<kw name="Sleep" owner="BuiltIn">
<msg time="2026-01-06T17:58:53.990578" level="INFO">Slept 1 second.</msg>
<arg>1</arg>
<doc>Pauses the test executed for the given time.</doc>
<status status="PASS" start="2026-01-06T17:58:52.988458" elapsed="1.002483"/>
</kw>
<kw name="Element Should Contain" owner="SeleniumLibrary">
<msg time="2026-01-06T17:58:54.018588" level="INFO">Element 'xpath://p[contains(text(),'You will be limited to only fewer functionalities ')]' contains text 'You will be limited to only fewer functionalities'.</msg>
<arg>${messageModalLogin}</arg>
<arg>${expectedTextModal}</arg>
<arg>ignore_case=True</arg>
<doc>Verifies that element ``locator`` contains text ``expected``.</doc>
<status status="PASS" start="2026-01-06T17:58:53.991332" elapsed="0.027491"/>
</kw>
<kw name="Click Button" owner="SeleniumLibrary">
<msg time="2026-01-06T17:58:54.019876" level="INFO">Clicking button 'id:okayBtn'.</msg>
<arg>${okayButtonModal}</arg>
<doc>Clicks the button identified by ``locator``.</doc>
<status status="PASS" start="2026-01-06T17:58:54.019169" elapsed="0.091957"/>
</kw>
<kw name="Sleep" owner="BuiltIn">
<msg time="2026-01-06T17:58:55.112388" level="INFO">Slept 1 second.</msg>
<arg>1</arg>
<doc>Pauses the test executed for the given time.</doc>
<status status="PASS" start="2026-01-06T17:58:54.111589" elapsed="1.000966"/>
</kw>
<status status="PASS" start="2026-01-06T17:58:52.864003" elapsed="2.248679"/>
</kw>
<kw name="Accept the terms" owner="Login">
<kw name="Click Element" owner="SeleniumLibrary">
<msg time="2026-01-06T17:58:55.113918" level="INFO">Clicking element 'id:terms'.</msg>
<arg>${acceptTerms}</arg>
<doc>Click the element identified by ``locator``.</doc>
<status status="PASS" start="2026-01-06T17:58:55.113265" elapsed="0.088159"/>
</kw>
<status status="PASS" start="2026-01-06T17:58:55.112908" elapsed="0.088771"/>
</kw>
<kw name="Click Button" owner="SeleniumLibrary">
<msg time="2026-01-06T17:58:55.202956" level="INFO">Clicking button 'id:signInBtn'.</msg>
<arg>${signInButton}</arg>
<doc>Clicks the button identified by ``locator``.</doc>
<status status="PASS" start="2026-01-06T17:58:55.201955" elapsed="0.111104"/>
</kw>
<arg>${username}</arg>
<arg>${password}</arg>
<status status="PASS" start="2026-01-06T17:58:52.716224" elapsed="2.597252"/>
</kw>
<kw name="Close file" owner="Commons">
<kw name="Close Current Excel Document" owner="ExcelLibrary">
<doc>Closes current document.</doc>
<status status="PASS" start="2026-01-06T17:58:55.316315" elapsed="0.000290"/>
</kw>
<status status="PASS" start="2026-01-06T17:58:55.315494" elapsed="0.001260"/>
</kw>
<kw name="Stop video" owner="Commons">
<if>
<branch type="IF" condition="'${video}' == '${TRUE}'">
<kw name="Stop All Video Recordings" owner="ScreenCapLibrary">
<msg time="2026-01-06T17:58:55.379350" level="INFO" html="true">&lt;a href="output/video/Test%20Case%2001%20-%20Login%20with%20correct%20credentials_8.webm"&gt;&lt;video width="800px" autoplay&gt;&lt;source src="output/video/Test%20Case%2001%20-%20Login%20with%20correct%20credentials_8.webm" type="video/webm"&gt;&lt;/video&gt;&lt;/a&gt;</msg>
<arg>save_to_disk=True</arg>
<doc>Stops all the video recordings and generates the files in WebM format. If ``embed`` argument
was set to ``True`` the videos will be displayed in the log file.</doc>
<status status="PASS" start="2026-01-06T17:58:55.318534" elapsed="0.061055"/>
</kw>
<status status="PASS" start="2026-01-06T17:58:55.318040" elapsed="0.061674"/>
</branch>
<status status="PASS" start="2026-01-06T17:58:55.317977" elapsed="0.061821"/>
</if>
<status status="PASS" start="2026-01-06T17:58:55.317551" elapsed="0.062348"/>
</kw>
<doc>Login with correct credentials</doc>
<tag>login</tag>
<status status="PASS" start="2026-01-06T17:58:50.670088" elapsed="4.710073"/>
</test>
<test id="s1-t2" name="Test Case 02 - Add a product" line="29">
<kw name="Start video" owner="Commons">
<if>
<branch type="IF" condition="'${video}' == '${TRUE}'">
<kw name="Start Video Recording" owner="ScreenCapLibrary">
<msg time="2026-01-06T17:58:57.414114" level="INFO">Automatically setting a fps of 12.0</msg>
<arg>name=${name}</arg>
<arg>monitor=1</arg>
<arg>embed=True</arg>
<doc>Starts the recording of a video in the background with the specified ``name``.
The recording can be stopped by calling the `Stop Video Recording` keyword.</doc>
<status status="PASS" start="2026-01-06T17:58:55.382806" elapsed="2.032058"/>
</kw>
<status status="PASS" start="2026-01-06T17:58:55.382381" elapsed="2.032612"/>
</branch>
<status status="PASS" start="2026-01-06T17:58:55.382326" elapsed="2.032734"/>
</if>
<arg>name=Test Case 02 - Add a product</arg>
<status status="PASS" start="2026-01-06T17:58:55.381410" elapsed="2.033756"/>
</kw>
<kw name="Add a product" owner="AddProduct">
<kw name="Wait Until Element Is Visible" owner="SeleniumLibrary">
<arg>${listProducts}</arg>
<doc>Waits until the element ``locator`` is visible.</doc>
<status status="PASS" start="2026-01-06T17:58:57.416075" elapsed="1.477727"/>
</kw>
<kw name="Search product" owner="AddProduct">
<kw name="Get WebElements" owner="SeleniumLibrary">
<msg time="2026-01-06T17:58:58.903795" level="INFO">${elements} = [&lt;selenium.webdriver.remote.webelement.WebElement (session="7d94316c-cb0c-4896-b0ac-6165e63a6058", element="18f71f00-ad85-49e0-b62d-4042cad0543c")&gt;, &lt;selenium.webdriver.remote.webelement.WebElement (s...</msg>
<var>${elements}</var>
<arg>${listProducts}</arg>
<doc>Returns a list of WebElement objects matching the ``locator``.</doc>
<status status="PASS" start="2026-01-06T17:58:58.896247" elapsed="0.007718"/>
</kw>
<kw name="Set Variable" owner="BuiltIn">
<msg time="2026-01-06T17:58:58.905344" level="INFO">${index} = 1</msg>
<var>${index}</var>
<arg>1</arg>
<doc>Returns the given values which can then be assigned to a variables.</doc>
<status status="PASS" start="2026-01-06T17:58:58.904520" elapsed="0.000896"/>
</kw>
<for flavor="IN">
<iter>
<kw name="Exit For Loop If" owner="BuiltIn">
<arg>'${chooseProduct}' == '${element.text}'</arg>
<doc>Stops executing the enclosing FOR loop if the ``condition`` is true.</doc>
<status status="PASS" start="2026-01-06T17:58:58.906672" elapsed="0.018322"/>
</kw>
<kw name="Evaluate" owner="BuiltIn">
<msg time="2026-01-06T17:58:58.926245" level="INFO">${index} = 2</msg>
<var>${index}</var>
<arg>${index} + 1</arg>
<doc>Evaluates the given expression in Python and returns the result.</doc>
<status status="PASS" start="2026-01-06T17:58:58.925422" elapsed="0.000893"/>
</kw>
<var name="${element}">&lt;selenium.webdriver.remote.webelement.WebElement (session="7d94316c-cb0c-4896-b0ac-6165e63a6058", element="18f71f00-ad85-49e0-b62d-4042cad0543c")&gt;</var>
<status status="PASS" start="2026-01-06T17:58:58.906355" elapsed="0.020062"/>
</iter>
<iter>
<kw name="Exit For Loop If" owner="BuiltIn">
<msg time="2026-01-06T17:58:58.944906" level="INFO">Exiting for loop altogether.</msg>
<arg>'${chooseProduct}' == '${element.text}'</arg>
<doc>Stops executing the enclosing FOR loop if the ``condition`` is true.</doc>
<status status="PASS" start="2026-01-06T17:58:58.926956" elapsed="0.018626"/>
</kw>
<kw name="Evaluate" owner="BuiltIn">
<var>${index}</var>
<arg>${index} + 1</arg>
<doc>Evaluates the given expression in Python and returns the result.</doc>
<status status="NOT RUN" start="2026-01-06T17:58:58.945851" elapsed="0.000034"/>
</kw>
<var name="${element}">&lt;selenium.webdriver.remote.webelement.WebElement (session="7d94316c-cb0c-4896-b0ac-6165e63a6058", element="c18af8bf-a722-407a-be45-0f15f3a58cd8")&gt;</var>
<status status="PASS" start="2026-01-06T17:58:58.926720" elapsed="0.019195"/>
</iter>
<var>${element}</var>
<value>@{elements}</value>
<status status="PASS" start="2026-01-06T17:58:58.905648" elapsed="0.040322"/>
</for>
<kw name="Click Button" owner="SeleniumLibrary">
<msg time="2026-01-06T17:58:58.946378" level="INFO">Clicking button 'xpath:(//button[@class='btn btn-info'][normalize-space()='Add'])[2]'.</msg>
<arg>xpath:(//button[@class='btn btn-info'][normalize-space()='Add'])[${index}]</arg>
<doc>Clicks the button identified by ``locator``.</doc>
<status status="PASS" start="2026-01-06T17:58:58.946094" elapsed="0.087000"/>
</kw>
<arg>${chooseProduct}</arg>
<status status="PASS" start="2026-01-06T17:58:58.895398" elapsed="0.137943"/>
</kw>
<kw name="Click Element" owner="SeleniumLibrary">
<msg time="2026-01-06T17:58:59.034071" level="INFO">Clicking element 'xpath://a[@class='nav-link btn btn-primary']'.</msg>
<arg>${checkoutProductButton}</arg>
<doc>Click the element identified by ``locator``.</doc>
<status status="PASS" start="2026-01-06T17:58:59.033642" elapsed="0.075067"/>
</kw>
<arg>${addProduct}</arg>
<status status="PASS" start="2026-01-06T17:58:57.415647" elapsed="1.693421"/>
</kw>
<kw name="Stop video" owner="Commons">
<if>
<branch type="IF" condition="'${video}' == '${TRUE}'">
<kw name="Stop All Video Recordings" owner="ScreenCapLibrary">
<msg time="2026-01-06T17:58:59.176026" level="INFO" html="true">&lt;a href="output/video/Test%20Case%2002%20-%20Add%20a%20product_8.webm"&gt;&lt;video width="800px" autoplay&gt;&lt;source src="output/video/Test%20Case%2002%20-%20Add%20a%20product_8.webm" type="video/webm"&gt;&lt;/video&gt;&lt;/a&gt;</msg>
<arg>save_to_disk=True</arg>
<doc>Stops all the video recordings and generates the files in WebM format. If ``embed`` argument
was set to ``True`` the videos will be displayed in the log file.</doc>
<status status="PASS" start="2026-01-06T17:58:59.110949" elapsed="0.065280"/>
</kw>
<status status="PASS" start="2026-01-06T17:58:59.110439" elapsed="0.065897"/>
</branch>
<status status="PASS" start="2026-01-06T17:58:59.110358" elapsed="0.066033"/>
</if>
<status status="PASS" start="2026-01-06T17:58:59.109754" elapsed="0.066702"/>
</kw>
<doc>Add a new product to the cart</doc>
<tag>addProduct</tag>
<tag>correct</tag>
<status status="PASS" start="2026-01-06T17:58:55.380564" elapsed="3.796121"/>
</test>
<test id="s1-t3" name="Test Case 03 - Remove a product from the cart" line="36">
<kw name="Start video" owner="Commons">
<if>
<branch type="IF" condition="'${video}' == '${TRUE}'">
<kw name="Start Video Recording" owner="ScreenCapLibrary">
<msg time="2026-01-06T17:59:01.208363" level="INFO">Automatically setting a fps of 10.5</msg>
<arg>name=${name}</arg>
<arg>monitor=1</arg>
<arg>embed=True</arg>
<doc>Starts the recording of a video in the background with the specified ``name``.
The recording can be stopped by calling the `Stop Video Recording` keyword.</doc>
<status status="PASS" start="2026-01-06T17:58:59.178350" elapsed="2.030644"/>
</kw>
<status status="PASS" start="2026-01-06T17:58:59.178009" elapsed="2.031096"/>
</branch>
<status status="PASS" start="2026-01-06T17:58:59.177979" elapsed="2.031178"/>
</if>
<arg>name=Test Case 03 - Remove a product from the cart</arg>
<status status="PASS" start="2026-01-06T17:58:59.177624" elapsed="2.031596"/>
</kw>
<kw name="Remove a product" owner="Cart">
<kw name="Checks the elements in the cart page before" owner="Cart">
<kw name="Element Text Should Be" owner="SeleniumLibrary">
<msg time="2026-01-06T17:59:01.211072" level="INFO">Verifying element 'xpath:(//strong[normalize-space()='In Stock'])[1]' contains exact text 'in stock'.</msg>
<arg>${productStatus}</arg>
<arg>${productTextStatus}</arg>
<arg>ignore_case=True</arg>
<doc>Verifies that element ``locator`` contains exact the text ``expected``.</doc>
<status status="PASS" start="2026-01-06T17:59:01.210664" elapsed="0.017326"/>
</kw>
<kw name="Page Should Contain Element" owner="SeleniumLibrary">
<msg time="2026-01-06T17:59:01.232281" level="INFO">Current page contains element 'css:td[class='text-right'] h3 strong'.</msg>
<arg>${totalPrice}</arg>
<doc>Verifies that element ``locator`` is found on the current page.</doc>
<status status="PASS" start="2026-01-06T17:59:01.228290" elapsed="0.004144"/>
</kw>
<kw name="Element Text Should Be" owner="SeleniumLibrary">
<msg time="2026-01-06T17:59:01.233135" level="INFO">Verifying element 'xpath://button[normalize-space()='Remove']' contains exact text 'remove'.</msg>
<arg>${removeButton}</arg>
<arg>${removeTextButton}</arg>
<arg>ignore_case=True</arg>
<doc>Verifies that element ``locator`` contains exact the text ``expected``.</doc>
<status status="PASS" start="2026-01-06T17:59:01.232698" elapsed="0.016857"/>
</kw>
<kw name="Element Text Should Be" owner="SeleniumLibrary">
<msg time="2026-01-06T17:59:01.251151" level="INFO">Verifying element 'css:button[class='btn btn-default']' contains exact text 'continue shopping'.</msg>
<arg>${backShopPage}</arg>
<arg>${backShopPageTextButton}</arg>
<arg>ignore_case=True</arg>
<doc>Verifies that element ``locator`` contains exact the text ``expected``.</doc>
<status status="PASS" start="2026-01-06T17:59:01.250597" elapsed="0.022406"/>
</kw>
<status status="PASS" start="2026-01-06T17:59:01.210360" elapsed="0.062901"/>
</kw>
<kw name="Element Should Be Enabled" owner="SeleniumLibrary">
<arg>${removeButton}</arg>
<doc>Verifies that element identified by ``locator`` is enabled.</doc>
<status status="PASS" start="2026-01-06T17:59:01.273535" elapsed="0.020057"/>
</kw>
<kw name="Click Button" owner="SeleniumLibrary">
<msg time="2026-01-06T17:59:01.294435" level="INFO">Clicking button 'xpath://button[normalize-space()='Remove']'.</msg>
<arg>${removeButton}</arg>
<doc>Clicks the button identified by ``locator``.</doc>
<status status="PASS" start="2026-01-06T17:59:01.293982" elapsed="0.072239"/>
</kw>
<kw name="Checks the elements in the cart page after" owner="Cart">
<kw name="Page Should Not Contain Element" owner="SeleniumLibrary">
<msg time="2026-01-06T17:59:01.372519" level="INFO">Current page does not contain element 'xpath:(//strong[normalize-space()='In Stock'])[1]'.</msg>
<arg>${productStatus}</arg>
<doc>Verifies that element ``locator`` is not found on the current page.</doc>
<status status="PASS" start="2026-01-06T17:59:01.367275" elapsed="0.005423"/>
</kw>
<kw name="Page Should Not Contain Button" owner="SeleniumLibrary">
<msg time="2026-01-06T17:59:01.378293" level="INFO">Current page does not contain button 'xpath://button[normalize-space()='Remove']'.</msg>
<msg time="2026-01-06T17:59:01.384739" level="INFO">Current page does not contain input 'xpath://button[normalize-space()='Remove']'.</msg>
<arg>${removeButton}</arg>
<doc>Verifies button ``locator`` is not found from current page.</doc>
<status status="PASS" start="2026-01-06T17:59:01.372992" elapsed="0.012101"/>
</kw>
<status status="PASS" start="2026-01-06T17:59:01.366701" elapsed="0.018682"/>
</kw>
<kw name="Back to shop page" owner="Cart">
<kw name="Element Should Be Enabled" owner="SeleniumLibrary">
<arg>${backShopPage}</arg>
<doc>Verifies that element identified by ``locator`` is enabled.</doc>
<status status="PASS" start="2026-01-06T17:59:01.386725" elapsed="0.022924"/>
</kw>
<kw name="Click Button" owner="SeleniumLibrary">
<msg time="2026-01-06T17:59:01.410562" level="INFO">Clicking button 'css:button[class='btn btn-default']'.</msg>
<arg>${backShopPage}</arg>
<doc>Clicks the button identified by ``locator``.</doc>
<status status="PASS" start="2026-01-06T17:59:01.410041" elapsed="0.087953"/>
</kw>
<status status="PASS" start="2026-01-06T17:59:01.385837" elapsed="0.112385"/>
</kw>
<status status="PASS" start="2026-01-06T17:59:01.209853" elapsed="0.288459"/>
</kw>
<kw name="Stop video" owner="Commons">
<if>
<branch type="IF" condition="'${video}' == '${TRUE}'">
<kw name="Stop All Video Recordings" owner="ScreenCapLibrary">
<msg time="2026-01-06T17:59:01.510572" level="INFO" html="true">&lt;a href="output/video/Test%20Case%2003%20-%20Remove%20a%20product%20from%20the%20cart_8.webm"&gt;&lt;video width="800px" autoplay&gt;&lt;source src="output/video/Test%20Case%2003%20-%20Remove%20a%20product%20from%20the%20cart_8.webm" type="video/webm"&gt;&lt;/video&gt;&lt;/a&gt;</msg>
<arg>save_to_disk=True</arg>
<doc>Stops all the video recordings and generates the files in WebM format. If ``embed`` argument
was set to ``True`` the videos will be displayed in the log file.</doc>
<status status="PASS" start="2026-01-06T17:59:01.499733" elapsed="0.011074"/>
</kw>
<status status="PASS" start="2026-01-06T17:59:01.499273" elapsed="0.011658"/>
</branch>
<status status="PASS" start="2026-01-06T17:59:01.499215" elapsed="0.011780"/>
</if>
<status status="PASS" start="2026-01-06T17:59:01.498775" elapsed="0.012299"/>
</kw>
<doc>Remove a product from the cart</doc>
<tag>removeProduct</tag>
<status status="PASS" start="2026-01-06T17:58:59.177004" elapsed="2.334336"/>
</test>
<test id="s1-t4" name="Test Case 04 - Add a new product to the cart" line="43">
<kw name="Start video" owner="Commons">
<if>
<branch type="IF" condition="'${video}' == '${TRUE}'">
<kw name="Start Video Recording" owner="ScreenCapLibrary">
<msg time="2026-01-06T17:59:03.565291" level="INFO">Automatically setting a fps of 13.0</msg>
<arg>name=${name}</arg>
<arg>monitor=1</arg>
<arg>embed=True</arg>
<doc>Starts the recording of a video in the background with the specified ``name``.
The recording can be stopped by calling the `Stop Video Recording` keyword.</doc>
<status status="PASS" start="2026-01-06T17:59:01.512857" elapsed="2.053208"/>
</kw>
<status status="PASS" start="2026-01-06T17:59:01.512569" elapsed="2.053587"/>
</branch>
<status status="PASS" start="2026-01-06T17:59:01.512536" elapsed="2.053662"/>
</if>
<arg>name=Test Case 04 - Add a new product to the cart</arg>
<status status="PASS" start="2026-01-06T17:59:01.512257" elapsed="2.053996"/>
</kw>
<kw name="Add a product" owner="AddProduct">
<kw name="Wait Until Element Is Visible" owner="SeleniumLibrary">
<arg>${listProducts}</arg>
<doc>Waits until the element ``locator`` is visible.</doc>
<status status="PASS" start="2026-01-06T17:59:03.566970" elapsed="0.027350"/>
</kw>
<kw name="Search product" owner="AddProduct">
<kw name="Get WebElements" owner="SeleniumLibrary">
<msg time="2026-01-06T17:59:03.599139" level="INFO">${elements} = [&lt;selenium.webdriver.remote.webelement.WebElement (session="7d94316c-cb0c-4896-b0ac-6165e63a6058", element="8dce2da2-18c6-4377-95ae-ed6350a57fa8")&gt;, &lt;selenium.webdriver.remote.webelement.WebElement (s...</msg>
<var>${elements}</var>
<arg>${listProducts}</arg>
<doc>Returns a list of WebElement objects matching the ``locator``.</doc>
<status status="PASS" start="2026-01-06T17:59:03.595270" elapsed="0.003927"/>
</kw>
<kw name="Set Variable" owner="BuiltIn">
<msg time="2026-01-06T17:59:03.599845" level="INFO">${index} = 1</msg>
<var>${index}</var>
<arg>1</arg>
<doc>Returns the given values which can then be assigned to a variables.</doc>
<status status="PASS" start="2026-01-06T17:59:03.599487" elapsed="0.000381"/>
</kw>
<for flavor="IN">
<iter>
<kw name="Exit For Loop If" owner="BuiltIn">
<msg time="2026-01-06T17:59:03.614643" level="INFO">Exiting for loop altogether.</msg>
<arg>'${chooseProduct}' == '${element.text}'</arg>
<doc>Stops executing the enclosing FOR loop if the ``condition`` is true.</doc>
<status status="PASS" start="2026-01-06T17:59:03.600273" elapsed="0.014504"/>
</kw>
<kw name="Evaluate" owner="BuiltIn">
<var>${index}</var>
<arg>${index} + 1</arg>
<doc>Evaluates the given expression in Python and returns the result.</doc>
<status status="NOT RUN" start="2026-01-06T17:59:03.614999" elapsed="0.000035"/>
</kw>
<var name="${element}">&lt;selenium.webdriver.remote.webelement.WebElement (session="7d94316c-cb0c-4896-b0ac-6165e63a6058", element="8dce2da2-18c6-4377-95ae-ed6350a57fa8")&gt;</var>
<status status="PASS" start="2026-01-06T17:59:03.600188" elapsed="0.014882"/>
</iter>
<var>${element}</var>
<value>@{elements}</value>
<status status="PASS" start="2026-01-06T17:59:03.599988" elapsed="0.015138"/>
</for>
<kw name="Click Button" owner="SeleniumLibrary">
<msg time="2026-01-06T17:59:03.615492" level="INFO">Clicking button 'xpath:(//button[@class='btn btn-info'][normalize-space()='Add'])[1]'.</msg>
<arg>xpath:(//button[@class='btn btn-info'][normalize-space()='Add'])[${index}]</arg>
<doc>Clicks the button identified by ``locator``.</doc>
<status status="PASS" start="2026-01-06T17:59:03.615243" elapsed="0.096303"/>
</kw>
<arg>${chooseProduct}</arg>
<status status="PASS" start="2026-01-06T17:59:03.594804" elapsed="0.117084"/>
</kw>
<kw name="Click Element" owner="SeleniumLibrary">
<msg time="2026-01-06T17:59:03.712917" level="INFO">Clicking element 'xpath://a[@class='nav-link btn btn-primary']'.</msg>
<arg>${checkoutProductButton}</arg>
<doc>Click the element identified by ``locator``.</doc>
<status status="PASS" start="2026-01-06T17:59:03.712388" elapsed="0.087323"/>
</kw>
<arg>${addNewProduct}</arg>
<status status="PASS" start="2026-01-06T17:59:03.566657" elapsed="0.233269"/>
</kw>
<kw name="Stop video" owner="Commons">
<if>
<branch type="IF" condition="'${video}' == '${TRUE}'">
<kw name="Stop All Video Recordings" owner="ScreenCapLibrary">
<msg time="2026-01-06T17:59:03.834049" level="INFO" html="true">&lt;a href="output/video/Test%20Case%2004%20-%20Add%20a%20new%20product%20to%20the%20cart_8.webm"&gt;&lt;video width="800px" autoplay&gt;&lt;source src="output/video/Test%20Case%2004%20-%20Add%20a%20new%20product%20to%20the%20cart_8.webm" type="video/webm"&gt;&lt;/video&gt;&lt;/a&gt;</msg>
<arg>save_to_disk=True</arg>
<doc>Stops all the video recordings and generates the files in WebM format. If ``embed`` argument
was set to ``True`` the videos will be displayed in the log file.</doc>
<status status="PASS" start="2026-01-06T17:59:03.802035" elapsed="0.032209"/>
</kw>
<status status="PASS" start="2026-01-06T17:59:03.801425" elapsed="0.032927"/>
</branch>
<status status="PASS" start="2026-01-06T17:59:03.801372" elapsed="0.033045"/>
</if>
<status status="PASS" start="2026-01-06T17:59:03.800436" elapsed="0.034068"/>
</kw>
<doc>Add a new product to the cart</doc>
<tag>addNewProduct</tag>
<status status="PASS" start="2026-01-06T17:59:01.511650" elapsed="2.323099"/>
</test>
<test id="s1-t5" name="Test Case 05 - Purchase a product" line="50">
<kw name="Start video" owner="Commons">
<if>
<branch type="IF" condition="'${video}' == '${TRUE}'">
<kw name="Start Video Recording" owner="ScreenCapLibrary">
<msg time="2026-01-06T17:59:05.864037" level="INFO">Automatically setting a fps of 12.0</msg>
<arg>name=${name}</arg>
<arg>monitor=1</arg>
<arg>embed=True</arg>
<doc>Starts the recording of a video in the background with the specified ``name``.
The recording can be stopped by calling the `Stop Video Recording` keyword.</doc>
<status status="PASS" start="2026-01-06T17:59:03.836466" elapsed="2.028700"/>
</kw>
<status status="PASS" start="2026-01-06T17:59:03.836128" elapsed="2.029248"/>
</branch>
<status status="PASS" start="2026-01-06T17:59:03.836094" elapsed="2.029370"/>
</if>
<arg>name=Test Case 05 - Purchase a product</arg>
<status status="PASS" start="2026-01-06T17:59:03.835758" elapsed="2.029837"/>
</kw>
<kw name="Checkout product" owner="Cart">
<kw name="Checks the elements in the cart page before" owner="Cart">
<kw name="Element Text Should Be" owner="SeleniumLibrary">
<msg time="2026-01-06T17:59:05.867910" level="INFO">Verifying element 'xpath:(//strong[normalize-space()='In Stock'])[1]' contains exact text 'in stock'.</msg>
<arg>${productStatus}</arg>
<arg>${productTextStatus}</arg>
<arg>ignore_case=True</arg>
<doc>Verifies that element ``locator`` contains exact the text ``expected``.</doc>
<status status="PASS" start="2026-01-06T17:59:05.867417" elapsed="0.020941"/>
</kw>
<kw name="Page Should Contain Element" owner="SeleniumLibrary">
<msg time="2026-01-06T17:59:05.892619" level="INFO">Current page contains element 'css:td[class='text-right'] h3 strong'.</msg>
<arg>${totalPrice}</arg>
<doc>Verifies that element ``locator`` is found on the current page.</doc>
<status status="PASS" start="2026-01-06T17:59:05.888668" elapsed="0.004599"/>
</kw>
<kw name="Element Text Should Be" owner="SeleniumLibrary">
<msg time="2026-01-06T17:59:05.894185" level="INFO">Verifying element 'xpath://button[normalize-space()='Remove']' contains exact text 'remove'.</msg>
<arg>${removeButton}</arg>
<arg>${removeTextButton}</arg>
<arg>ignore_case=True</arg>
<doc>Verifies that element ``locator`` contains exact the text ``expected``.</doc>
<status status="PASS" start="2026-01-06T17:59:05.893702" elapsed="0.018677"/>
</kw>
<kw name="Element Text Should Be" owner="SeleniumLibrary">
<msg time="2026-01-06T17:59:05.913158" level="INFO">Verifying element 'css:button[class='btn btn-default']' contains exact text 'continue shopping'.</msg>
<arg>${backShopPage}</arg>
<arg>${backShopPageTextButton}</arg>
<arg>ignore_case=True</arg>
<doc>Verifies that element ``locator`` contains exact the text ``expected``.</doc>
<status status="PASS" start="2026-01-06T17:59:05.912740" elapsed="0.023023"/>
</kw>
<status status="PASS" start="2026-01-06T17:59:05.867036" elapsed="0.069010"/>
</kw>
<kw name="Element Should Be Enabled" owner="SeleniumLibrary">
<arg>${checkoutButton}</arg>
<doc>Verifies that element identified by ``locator`` is enabled.</doc>
<status status="PASS" start="2026-01-06T17:59:05.936387" elapsed="0.016396"/>
</kw>
<kw name="Click Button" owner="SeleniumLibrary">
<msg time="2026-01-06T17:59:05.953633" level="INFO">Clicking button 'xpath://button[normalize-space()='Checkout']'.</msg>
<arg>${checkoutButton}</arg>
<doc>Clicks the button identified by ``locator``.</doc>
<status status="PASS" start="2026-01-06T17:59:05.953170" elapsed="0.151048"/>
</kw>
<status status="PASS" start="2026-01-06T17:59:05.866275" elapsed="0.238104"/>
</kw>
<kw name="Open file" owner="Commons">
<kw name="Open Excel Document" owner="ExcelLibrary">
<arg>filename=${fileName}</arg>
<arg>doc_id=${sheetName}</arg>
<doc>Opens xlsx document file.</doc>
<status status="PASS" start="2026-01-06T17:59:06.105167" elapsed="0.007978"/>
</kw>
<arg>${fileCountryPath}</arg>
<arg>${country}</arg>
<status status="PASS" start="2026-01-06T17:59:06.104687" elapsed="0.008591"/>
</kw>
<kw name="Read Excel Cell" owner="ExcelLibrary">
<msg time="2026-01-06T17:59:06.114866" level="INFO">${countryName} = india</msg>
<var>${countryName}</var>
<arg>row_num=2</arg>
<arg>col_num=1</arg>
<doc>Returns content of a cell.</doc>
<status status="PASS" start="2026-01-06T17:59:06.114565" elapsed="0.000335"/>
</kw>
<kw name="Purchase a product" owner="Cart">
<kw name="Input Text" owner="SeleniumLibrary">
<msg time="2026-01-06T17:59:06.117620" level="INFO">Typing text 'india' into text field 'id:country'.</msg>
<arg>${inputCountry}</arg>
<arg>${countryName}</arg>
<doc>Types the given ``text`` into the text field identified by ``locator``.</doc>
<status status="PASS" start="2026-01-06T17:59:06.117333" elapsed="0.045335"/>
</kw>
<kw name="Sleep" owner="BuiltIn">
<msg time="2026-01-06T17:59:12.163644" level="INFO">Slept 6 seconds.</msg>
<arg>6</arg>
<doc>Pauses the test executed for the given time.</doc>
<status status="PASS" start="2026-01-06T17:59:06.162941" elapsed="6.000989"/>
</kw>
<kw name="Click Element" owner="SeleniumLibrary">
<msg time="2026-01-06T17:59:12.164813" level="INFO">Clicking element 'css:div[class='suggestions'] ul li a'.</msg>
<arg>${suggestCountry}</arg>
<doc>Click the element identified by ``locator``.</doc>
<status status="PASS" start="2026-01-06T17:59:12.164313" elapsed="0.080767"/>
</kw>
<kw name="Wait Until Element Is Visible" owner="SeleniumLibrary">
<arg>${acceptPurchaseTerms}</arg>
<doc>Waits until the element ``locator`` is visible.</doc>
<status status="PASS" start="2026-01-06T17:59:12.245413" elapsed="0.030925"/>
</kw>
<kw name="Click Element" owner="SeleniumLibrary">
<msg time="2026-01-06T17:59:12.277264" level="INFO">Clicking element 'css:label[for='checkbox2']'.</msg>
<arg>${acceptPurchaseTerms}</arg>
<doc>Click the element identified by ``locator``.</doc>
<status status="PASS" start="2026-01-06T17:59:12.276762" elapsed="0.071587"/>
</kw>
<kw name="Element Should Be Enabled" owner="SeleniumLibrary">
<arg>${purchaseButton}</arg>
<doc>Verifies that element identified by ``locator`` is enabled.</doc>
<status status="PASS" start="2026-01-06T17:59:12.348814" elapsed="0.013743"/>
</kw>
<kw name="Click Button" owner="SeleniumLibrary">
<msg time="2026-01-06T17:59:12.363076" level="INFO">Clicking button 'css:input[value='Purchase']'.</msg>
<arg>${purchaseButton}</arg>
<doc>Clicks the button identified by ``locator``.</doc>
<status status="PASS" start="2026-01-06T17:59:12.362793" elapsed="0.071394"/>
</kw>
<kw name="Wait Until Page Contains Element" owner="SeleniumLibrary">
<arg>${successPurchaseMessage}</arg>
<doc>Waits until the element ``locator`` appears on the current page.</doc>
<status status="PASS" start="2026-01-06T17:59:12.435280" elapsed="0.010080"/>
</kw>
<kw name="Element Should Contain" owner="SeleniumLibrary">
<msg time="2026-01-06T17:59:12.465296" level="INFO">Element 'css:.alert.alert-success.alert-dismissible' contains text 'success'.</msg>
<arg>${successPurchaseMessage}</arg>
<arg>${successTextMessage}</arg>
<arg>ignore_case=True</arg>
<doc>Verifies that element ``locator`` contains text ``expected``.</doc>
<status status="PASS" start="2026-01-06T17:59:12.445752" elapsed="0.019742"/>
</kw>
<arg>${countryName}</arg>
<status status="PASS" start="2026-01-06T17:59:06.117008" elapsed="6.348688"/>
</kw>
<kw name="Close file" owner="Commons">
<kw name="Close Current Excel Document" owner="ExcelLibrary">
<doc>Closes current document.</doc>
<status status="PASS" start="2026-01-06T17:59:12.467103" elapsed="0.000421"/>
</kw>
<status status="PASS" start="2026-01-06T17:59:12.466213" elapsed="0.001950"/>
</kw>
<kw name="Stop video" owner="Commons">
<if>
<branch type="IF" condition="'${video}' == '${TRUE}'">
<kw name="Stop All Video Recordings" owner="ScreenCapLibrary">
<msg time="2026-01-06T17:59:12.476940" level="INFO" html="true">&lt;a href="output/video/Test%20Case%2005%20-%20Purchase%20a%20product_8.webm"&gt;&lt;video width="800px" autoplay&gt;&lt;source src="output/video/Test%20Case%2005%20-%20Purchase%20a%20product_8.webm" type="video/webm"&gt;&lt;/video&gt;&lt;/a&gt;</msg>
<arg>save_to_disk=True</arg>
<doc>Stops all the video recordings and generates the files in WebM format. If ``embed`` argument
was set to ``True`` the videos will be displayed in the log file.</doc>
<status status="PASS" start="2026-01-06T17:59:12.469412" elapsed="0.007704"/>
</kw>
<status status="PASS" start="2026-01-06T17:59:12.469005" elapsed="0.008206"/>
</branch>
<status status="PASS" start="2026-01-06T17:59:12.468963" elapsed="0.008303"/>
</if>
<status status="PASS" start="2026-01-06T17:59:12.468637" elapsed="0.008694"/>
</kw>
<doc>Purchase a product</doc>
<tag>purchase</tag>
<status status="PASS" start="2026-01-06T17:59:03.835096" elapsed="8.642464"/>
</test>
<kw name="Close the browser" owner="Commons" type="TEARDOWN">
<kw name="Close Browser" owner="SeleniumLibrary">
<doc>Closes the current browser.</doc>
<status status="PASS" start="2026-01-06T17:59:12.478529" elapsed="1.027320"/>
</kw>
<status status="PASS" start="2026-01-06T17:59:12.478269" elapsed="1.027905"/>
</kw>
<status status="PASS" start="2026-01-06T17:58:45.091159" elapsed="28.415093"/>
</suite>
<statistics>
<total>
<stat pass="5" fail="0" skip="0">All Tests</stat>
</total>
<tag>
<stat pass="1" fail="0" skip="0">addNewProduct</stat>
<stat pass="1" fail="0" skip="0">addProduct</stat>
<stat pass="1" fail="0" skip="0">correct</stat>
<stat pass="1" fail="0" skip="0">login</stat>
<stat pass="1" fail="0" skip="0">purchase</stat>
<stat pass="1" fail="0" skip="0">removeProduct</stat>
</tag>
<suite>
<stat name="TestSuite" id="s1" pass="5" fail="0" skip="0">TestSuite</stat>
</suite>
</statistics>
<errors>
</errors>
</robot>
